I 2018-10-08 16:21:21:044 server.cc(86) Starting WebDriver server on port: '14908' on host: ''
T 2018-10-08 16:21:21:044 server.cc(634) Entering Server::PopulateCommandRepository
T 2018-10-08 16:21:21:045 IEServer.cpp(32) Entering IEServer::IEServer
I 2018-10-08 16:21:21:045 IEServer.cpp(33) Driver version: 3.6.0.0 (32-bit)
T 2018-10-08 16:21:21:045 server.cc(121) Entering Server::Start
D 2018-10-08 16:21:21:045 server.cc(148) Civetweb ACL is -0.0.0.0/0,+127.0.0.1
T 2018-10-08 16:21:21:476 server.cc(174) Entering Server::ProcessRequest
T 2018-10-08 16:21:21:476 server.cc(183) Process request with: URI: /status HTTP verb: GET
body: {}
T 2018-10-08 16:21:21:476 server.cc(272) Entering Server::DispatchCommand
T 2018-10-08 16:21:21:476 server.cc(583) Entering Server::LookupCommand
D 2018-10-08 16:21:21:476 server.cc(281) Command: GET /status {}
T 2018-10-08 16:21:21:476 IEServer.cpp(51) Entering IEServer::GetStatus
T 2018-10-08 16:21:21:477 response.cc(72) Entering Response::SetSuccessResponse
T 2018-10-08 16:21:21:477 response.cc(78) Entering Response::SetResponse
T 2018-10-08 16:21:21:477 response.cc(51) Entering Response::Serialize
D 2018-10-08 16:21:21:477 server.cc(338) Response: {"value":{"build":{"version":"3.6.0.0 (32-bit)"},"message":"Ready to create session","os":{"arch":"x64","name":"windows","version":"10.0.17134.228 (WinBuild.160101.0800)"},"ready":true}}

T 2018-10-08 16:21:21:477 server.cc(391) Entering Server::SendResponseToClient
T 2018-10-08 16:21:21:477 response.cc(30) Entering Response::Deserialize
T 2018-10-08 16:21:21:477 server.cc(445) Entering Server::SendHttpOk
T 2018-10-08 16:21:21:483 server.cc(174) Entering Server::ProcessRequest
T 2018-10-08 16:21:21:483 server.cc(238) Entering Server::ReadRequestBody
T 2018-10-08 16:21:21:483 server.cc(183) Process request with: URI: /session HTTP verb: POST
body: {
  "desiredCapabilities": {"browserName":"internet explorer","ensureCleanSession":true,"ie.usePerProcessProxy":"true","platform":"WINDOWS","se:ieOptions":{"ie.usePerProcessProxy":"true"}},
  "capabilities": {
    "desiredCapabilities": {"browserName":"internet explorer","ensureCleanSession":true,"ie.usePerProcessProxy":"true","platform":"WINDOWS","se:ieOptions":{"ie.usePerProcessProxy":"true"}},
    "firstMatch": [
      {"browserName":"internet explorer","platformName":"windows","se:ieOptions":{"ie.usePerProcessProxy":"true"}}
    ]
  }
}
T 2018-10-08 16:21:21:483 server.cc(272) Entering Server::DispatchCommand
T 2018-10-08 16:21:21:483 server.cc(583) Entering Server::LookupCommand
D 2018-10-08 16:21:21:483 server.cc(281) Command: POST /session {
  "desiredCapabilities": {"browserName":"internet explorer","ensureCleanSession":true,"ie.usePerProcessProxy":"true","platform":"WINDOWS","se:ieOptions":{"ie.usePerProcessProxy":"true"}},
  "capabilities": {
    "desiredCapabilities": {"browserName":"internet explorer","ensureCleanSession":true,"ie.usePerProcessProxy":"true","platform":"WINDOWS","se:ieOptions":{"ie.usePerProcessProxy":"true"}},
    "firstMatch": [
      {"browserName":"internet explorer","platformName":"windows","se:ieOptions":{"ie.usePerProcessProxy":"true"}}
    ]
  }
}
T 2018-10-08 16:21:21:483 IEServer.cpp(42) Entering IEServer::InitializeSession
T 2018-10-08 16:21:21:483 IESession.cpp(38) Entering IESession::Initialize
D 2018-10-08 16:21:21:483 IESession.cpp(53) Mutex acquired for session initalization
T 2018-10-08 16:21:21:484 IECommandExecutor.cpp(386) Entering IECommandExecutor::ThreadProc
T 2018-10-08 16:21:21:488 IECommandExecutor.cpp(47) Entering IECommandExecutor::OnCreate
T 2018-10-08 16:21:21:488 IECommandExecutor.cpp(753) Entering IECommandExecutor::PopulateElementFinderMethods
T 2018-10-08 16:21:21:488 InputManager.cpp(40) Entering InputManager::InputManager
T 2018-10-08 16:21:21:488 InputManager.cpp(75) Entering InputManager::Initialize
T 2018-10-08 16:21:21:488 BrowserFactory.cpp(998) Entering BrowserFactory::GetExecutableLocation
T 2018-10-08 16:21:21:489 BrowserFactory.cpp(1039) Entering BrowserFactory::GetIEVersion
T 2018-10-08 16:21:21:489 CommandHandlerRepository.cpp(108) Entering CommandHandlerRepository::PopulateCommandHandlers
T 2018-10-08 16:21:21:490 IESession.cpp(99) Created thread for command executor returns HWND: '00491CB6'
T 2018-10-08 16:21:21:490 IESession.cpp(103) Session id is retrived from command executor window: '76487bcf-7ae4-4140-896a-91ff6236b8c7'
D 2018-10-08 16:21:21:490 IESession.cpp(109) Releasing session initialization mutex
T 2018-10-08 16:21:21:490 IESession.cpp(191) Entering IESession::ExecuteCommand
T 2018-10-08 16:21:21:490 IECommandExecutor.cpp(122) Entering IECommandExecutor::OnSetCommand
T 2018-10-08 16:21:21:490 command.cc(31) Entering Command::Deserialize
D 2018-10-08 16:21:21:490 command.cc(36) Raw JSON command: { "name" : "newSession", "locator" : { }, "parameters" : {
  "desiredCapabilities": {"browserName":"internet explorer","ensureCleanSession":true,"ie.usePerProcessProxy":"true","platform":"WINDOWS","se:ieOptions":{"ie.usePerProcessProxy":"true"}},
  "capabilities": {
    "desiredCapabilities": {"browserName":"internet explorer","ensureCleanSession":true,"ie.usePerProcessProxy":"true","platform":"WINDOWS","se:ieOptions":{"ie.usePerProcessProxy":"true"}},
    "firstMatch": [
      {"browserName":"internet explorer","platformName":"windows","se:ieOptions":{"ie.usePerProcessProxy":"true"}}
    ]
  }
} }
T 2018-10-08 16:21:21:490 IECommandExecutor.cpp(133) Entering IECommandExecutor::OnExecCommand
T 2018-10-08 16:21:21:490 IESession.cpp(212) Beginning wait for response length to be not zero
T 2018-10-08 16:21:21:490 IECommandExecutor.cpp(454) Entering IECommandExecutor::DispatchCommand
D 2018-10-08 16:21:21:490 CommandHandlers\NewSessionCommandHandler.cpp(46) Found W3C capabilities structure
D 2018-10-08 16:21:21:490 CommandHandlers\NewSessionCommandHandler.cpp(505) Validating capabilities object
D 2018-10-08 16:21:21:490 CommandHandlers\NewSessionCommandHandler.cpp(505) Validating capabilities object
D 2018-10-08 16:21:21:490 CommandHandlers\NewSessionCommandHandler.cpp(535) Found browserNamecapability. Validating value type is string.
D 2018-10-08 16:21:21:490 CommandHandlers\NewSessionCommandHandler.cpp(564) Found platformNamecapability. Validating value type is string.
D 2018-10-08 16:21:21:490 CommandHandlers\NewSessionCommandHandler.cpp(794) Found proxycapability. Validating value type is object.
T 2018-10-08 16:21:21:490 BrowserFactory.cpp(113) Entering BrowserFactory::Initialize
T 2018-10-08 16:21:21:490 IECommandExecutor.cpp(631) Entering IECommandExecutor::CreateNewBrowser
T 2018-10-08 16:21:21:490 BrowserFactory.cpp(142) Entering BrowserFactory::LaunchBrowserProcess
D 2018-10-08 16:21:21:490 BrowserFactory.cpp(146) Ignoring Protected Mode Settings: 0
D 2018-10-08 16:21:21:490 BrowserFactory.cpp(149) Checking validity of Protected Mode settings.
T 2018-10-08 16:21:21:490 BrowserFactory.cpp(1058) Entering BrowserFactory::ProtectedModeSettingsAreValid
D 2018-10-08 16:21:21:491 BrowserFactory.cpp(1061) Detected IE version: 11, Windows version supports Protected Mode: 1
T 2018-10-08 16:21:21:491 BrowserFactory.cpp(1135) Entering BrowserFactory::GetZoneProtectedModeSetting
D 2018-10-08 16:21:21:491 BrowserFactory.cpp(1152) Found Protected Mode setting value of 3 for zone 1
T 2018-10-08 16:21:21:491 BrowserFactory.cpp(1135) Entering BrowserFactory::GetZoneProtectedModeSetting
D 2018-10-08 16:21:21:491 BrowserFactory.cpp(1156) RegQueryValueEx failed for getting Protected Mode setting for a zone: 2
T 2018-10-08 16:21:21:491 BrowserFactory.cpp(1135) Entering BrowserFactory::GetZoneProtectedModeSetting
D 2018-10-08 16:21:21:491 BrowserFactory.cpp(1156) RegQueryValueEx failed for getting Protected Mode setting for a zone: 3
T 2018-10-08 16:21:21:491 BrowserFactory.cpp(1135) Entering BrowserFactory::GetZoneProtectedModeSetting
D 2018-10-08 16:21:21:491 BrowserFactory.cpp(1156) RegQueryValueEx failed for getting Protected Mode setting for a zone: 4
D 2018-10-08 16:21:21:491 BrowserFactory.cpp(152) Has Valid Protected Mode Settings: 1
T 2018-10-08 16:21:21:491 BrowserFactory.cpp(226) Entering BrowserFactory::IsIELaunchURLAvailable
T 2018-10-08 16:21:21:501 BrowserFactory.cpp(130) Entering BrowserFactory::ClearCache
T 2018-10-08 16:21:21:501 BrowserFactory.cpp(247) Entering BrowserFactory::LaunchBrowserUsingIELaunchURL
D 2018-10-08 16:21:21:501 BrowserFactory.cpp(248) Starting IE using the IELaunchURL API
D 2018-10-08 16:21:21:837 BrowserFactory.cpp(202) IE launched successfully with process ID 5152
D 2018-10-08 16:21:21:837 BrowserFactory.cpp(208) Process with ID 5152 is executing iexplore.exe
T 2018-10-08 16:21:21:837 BrowserFactory.cpp(365) Entering BrowserFactory::AttachToBrowser
D 2018-10-08 16:21:21:837 BrowserFactory.cpp(375) Using Active Accessibility to find IWebBrowser2 interface
T 2018-10-08 16:21:21:837 BrowserFactory.cpp(414) Entering BrowserFactory::AttachToBrowserUsingActiveAccessibility
T 2018-10-08 16:21:22:382 server.cc(174) Entering Server::ProcessRequest
T 2018-10-08 16:21:22:382 server.cc(183) Process request with: URI: / HTTP verb: GET
body: {}
T 2018-10-08 16:21:22:382 server.cc(445) Entering Server::SendHttpOk
D 2018-10-08 16:21:22:594 BrowserFactory.cpp(434) Found window handle 01CD0262 for window with class 'Internet Explorer_Server' belonging to process with id 5152
T 2018-10-08 16:21:22:594 BrowserFactory.cpp(329) Entering BrowserFactory::GetDocumentFromWindowHandle
T 2018-10-08 16:21:22:627 server.cc(174) Entering Server::ProcessRequest
T 2018-10-08 16:21:22:627 server.cc(183) Process request with: URI: /favicon.ico HTTP verb: GET
body: {}
T 2018-10-08 16:21:22:627 server.cc(272) Entering Server::DispatchCommand
T 2018-10-08 16:21:22:627 server.cc(583) Entering Server::LookupCommand
D 2018-10-08 16:21:22:627 server.cc(281) Command: GET /favicon.ico {}
D 2018-10-08 16:21:22:627 server.cc(338) Response: { "error" : "unknown method", "message" : "Command not found: GET /favicon.ico" }
T 2018-10-08 16:21:22:627 server.cc(391) Entering Server::SendResponseToClient
T 2018-10-08 16:21:22:627 response.cc(30) Entering Response::Deserialize
T 2018-10-08 16:21:22:627 server.cc(445) Entering Server::SendHttpOk
D 2018-10-08 16:21:22:685 BrowserFactory.cpp(396) Ignoring zoom setting: 0
T 2018-10-08 16:21:22:685 BrowserFactory.cpp(574) Entering BrowserFactory::GetBrowserZoomLevel
T 2018-10-08 16:21:22:711 BrowserFactory.cpp(614) Entering BrowserFactory::GetZoomLevel
D 2018-10-08 16:21:22:729 BrowserFactory.cpp(694) Browser zoom level is 100%
I 2018-10-08 16:21:22:777 IECommandExecutor.cpp(654) Persistent hovering set to: 1
T 2018-10-08 16:21:22:777 ProxyManager.cpp(97) ProxyManager::SetProxySettings
D 2018-10-08 16:21:22:777 ProxyManager.cpp(113) Using existing system proxy settings.
T 2018-10-08 16:21:22:777 DocumentHost.cpp(33) Entering DocumentHost::DocumentHost
T 2018-10-08 16:21:22:777 CookieManager.cpp(49) Entering CookieManager::Initialize
T 2018-10-08 16:21:22:777 Browser.cpp(33) Entering Browser::Browser
T 2018-10-08 16:21:22:777 Browser.cpp(293) Entering Browser::AttachEvents
T 2018-10-08 16:21:22:779 IECommandExecutor.cpp(621) Entering IECommandExecutor::AddManagedBrowser
T 2018-10-08 16:21:22:779 IECommandExecutor.cpp(625) Setting current browser id to 47b7867e-6201-466a-9bc7-1b10b5577cf2
T 2018-10-08 16:21:22:779 response.cc(72) Entering Response::SetSuccessResponse
T 2018-10-08 16:21:22:779 response.cc(78) Entering Response::SetResponse
T 2018-10-08 16:21:22:779 IECommandExecutor.cpp(577) Entering IECommandExecutor::GetCurrentBrowser
T 2018-10-08 16:21:22:780 IECommandExecutor.cpp(583) Entering IECommandExecutor::GetManagedBrowser
T 2018-10-08 16:21:22:780 response.cc(51) Entering Response::Serialize
T 2018-10-08 16:21:22:788 IESession.cpp(221) Found non-zero response length
T 2018-10-08 16:21:22:788 IECommandExecutor.cpp(156) Entering IECommandExecutor::OnGetResponse
T 2018-10-08 16:21:22:788 IECommandExecutor.cpp(285) Entering IECommandExecutor::OnIsSessionValid
T 2018-10-08 16:21:22:788 response.cc(30) Entering Response::Deserialize
D 2018-10-08 16:21:22:788 server.cc(338) Response: {"value":{"capabilities":{"acceptInsecureCerts":false,"browserName":"internet explorer","browserVersion":"11","pageLoadStrategy":"normal","platformName":"windows","se:ieOptions":{"browserAttachTimeout":0,"elementScrollBehavior":0,"enablePersistentHover":true,"ie.browserCommandLineSwitches":"","ie.ensureCleanSession":false,"ie.fileUploadDialogTimeout":3000,"ie.forceCreateProcessApi":false,"ignoreProtectedModeSettings":false,"ignoreZoomSetting":false,"initialBrowserUrl":"http://localhost:14908/","nativeEvents":true,"requireWindowFocus":false},"setWindowRect":true},"sessionId":"76487bcf-7ae4-4140-896a-91ff6236b8c7"}}

T 2018-10-08 16:21:22:788 server.cc(391) Entering Server::SendResponseToClient
T 2018-10-08 16:21:22:788 response.cc(30) Entering Response::Deserialize
T 2018-10-08 16:21:22:788 server.cc(445) Entering Server::SendHttpOk
T 2018-10-08 16:21:22:794 server.cc(174) Entering Server::ProcessRequest
T 2018-10-08 16:21:22:794 server.cc(238) Entering Server::ReadRequestBody
T 2018-10-08 16:21:22:794 server.cc(183) Process request with: URI: /session/76487bcf-7ae4-4140-896a-91ff6236b8c7/timeouts HTTP verb: POST
body: {"implicit":0}
T 2018-10-08 16:21:22:794 server.cc(272) Entering Server::DispatchCommand
T 2018-10-08 16:21:22:794 server.cc(583) Entering Server::LookupCommand
D 2018-10-08 16:21:22:794 server.cc(281) Command: POST /session/76487bcf-7ae4-4140-896a-91ff6236b8c7/timeouts {"implicit":0}
T 2018-10-08 16:21:22:794 server.cc(378) Entering Server::LookupSession
T 2018-10-08 16:21:22:794 IESession.cpp(191) Entering IESession::ExecuteCommand
T 2018-10-08 16:21:22:794 IECommandExecutor.cpp(122) Entering IECommandExecutor::OnSetCommand
T 2018-10-08 16:21:22:794 command.cc(31) Entering Command::Deserialize
D 2018-10-08 16:21:22:794 command.cc(36) Raw JSON command: { "name" : "setTimeouts", "locator" : { "sessionid" : "76487bcf-7ae4-4140-896a-91ff6236b8c7" }, "parameters" : {"implicit":0} }
T 2018-10-08 16:21:22:794 IECommandExecutor.cpp(133) Entering IECommandExecutor::OnExecCommand
T 2018-10-08 16:21:22:794 IESession.cpp(212) Beginning wait for response length to be not zero
T 2018-10-08 16:21:22:794 IECommandExecutor.cpp(454) Entering IECommandExecutor::DispatchCommand
T 2018-10-08 16:21:22:794 IECommandExecutor.cpp(577) Entering IECommandExecutor::GetCurrentBrowser
T 2018-10-08 16:21:22:794 IECommandExecutor.cpp(583) Entering IECommandExecutor::GetManagedBrowser
T 2018-10-08 16:21:22:794 IECommandExecutor.cpp(529) Entering IECommandExecutor::IsAlertActive
T 2018-10-08 16:21:22:794 Browser.cpp(700) Entering Browser::GetActiveDialogWindowHandle
T 2018-10-08 16:21:22:794 Browser.cpp(206) Entering Browser::GetContentWindowHandle
I 2018-10-08 16:21:22:794 Browser.cpp(214) Flushing window handle as it is no longer valid
I 2018-10-08 16:21:22:794 Browser.cpp(219) Restore window handle from tab
T 2018-10-08 16:21:22:794 Browser.cpp(659) Entering Browser::GetBrowserWindowHandle
W 2018-10-08 16:21:22:795 Browser.cpp(678) -2147417848 [The object invoked has disconnected from its clients.]: Unable to get service, call to IWebBrowser2::QueryInterface for IID_IServiceProvider failed
T 2018-10-08 16:21:22:795 DocumentHost.cpp(265) Entering DocumentHost::FindContentWindowHandle
D 2018-10-08 16:21:22:796 IECommandExecutor.cpp(543) No alert handle is found
T 2018-10-08 16:21:22:796 IECommandExecutor.cpp(577) Entering IECommandExecutor::GetCurrentBrowser
T 2018-10-08 16:21:22:796 IECommandExecutor.cpp(583) Entering IECommandExecutor::GetManagedBrowser
T 2018-10-08 16:21:22:796 response.cc(51) Entering Response::Serialize
T 2018-10-08 16:21:22:805 IESession.cpp(221) Found non-zero response length
T 2018-10-08 16:21:22:805 IECommandExecutor.cpp(156) Entering IECommandExecutor::OnGetResponse
T 2018-10-08 16:21:22:805 IECommandExecutor.cpp(285) Entering IECommandExecutor::OnIsSessionValid
D 2018-10-08 16:21:22:805 server.cc(338) Response: {"value":null}

T 2018-10-08 16:21:22:805 server.cc(391) Entering Server::SendResponseToClient
T 2018-10-08 16:21:22:805 response.cc(30) Entering Response::Deserialize
T 2018-10-08 16:21:22:805 server.cc(445) Entering Server::SendHttpOk
T 2018-10-08 16:21:22:809 server.cc(174) Entering Server::ProcessRequest
T 2018-10-08 16:21:22:809 server.cc(238) Entering Server::ReadRequestBody
T 2018-10-08 16:21:22:809 server.cc(183) Process request with: URI: /session/76487bcf-7ae4-4140-896a-91ff6236b8c7/execute/sync HTTP verb: POST
body: {"script":"return navigator.sayswho\u003d (function() { var ua\u003d navigator.userAgent, tem, M\u003d ua.match(/(opera|chrome|safari|firefox|msie|trident)\\/?\\s*(\\.?\\d+(\\.\\d+)*)/i) || []; if (/trident/i.test(M[1])) {     tem\u003d  /\\brv[ :]+(\\d+)/g.exec(ua) || [];     return \u0027IE \u0027+(tem[1] || \u0027\u0027); } if(M[1]\u003d\u003d\u003d \u0027Chrome\u0027) {     tem\u003d ua.match(/\\b(OPR|Edge)\\/(\\d+)/);     if(tem!\u003d null) return tem.slice(1).join(\u0027 \u0027).replace(\u0027OPR\u0027, \u0027Opera\u0027); } M\u003d M[2]? [M[1], M[2]]: [navigator.appName, navigator.appVersion, \u0027-?\u0027]; if((tem\u003d ua.match(/version\\/(\\d+)/i))!\u003d null) M.splice(1, 1, tem[1]); return M.join(\u0027 \u0027).replace(\u0027MSIE\u0027, \u0027IE\u0027);})();","args":[]}
T 2018-10-08 16:21:22:809 server.cc(272) Entering Server::DispatchCommand
T 2018-10-08 16:21:22:809 server.cc(583) Entering Server::LookupCommand
D 2018-10-08 16:21:22:809 server.cc(281) Command: POST /session/76487bcf-7ae4-4140-896a-91ff6236b8c7/execute/sync {"script":"return navigator.sayswho\u003d (function() { var ua\u003d navigator.userAgent, tem, M\u003d ua.match(/(opera|chrome|safari|firefox|msie|trident)\\/?\\s*(\\.?\\d+(\\.\\d+)*)/i) || []; if (/trident/i.test(M[1])) {     tem\u003d  /\\brv[ :]+(\\d+)/g.exec(ua) || [];     return \u0027IE \u0027+(tem[1] || \u0027\u0027); } if(M[1]\u003d\u003d\u003d \u0027Chrome\u0027) {     tem\u003d ua.match(/\\b(OPR|Edge)\\/(\\d+)/);     if(tem!\u003d null) return tem.slice(1).join(\u0027 \u0027).replace(\u0027OPR\u0027, \u0027Opera\u0027); } M\u003d M[2]? [M[1], M[2]]: [navigator.appName, navigator.appVersion, \u0027-?\u0027]; if((tem\u003d ua.match(/version\\/(\\d+)/i))!\u003d null) M.splice(1, 1, tem[1]); return M.join(\u0027 \u0027).replace(\u0027MSIE\u0027, \u0027IE\u0027);})();","args":[]}
T 2018-10-08 16:21:22:809 server.cc(378) Entering Server::LookupSession
T 2018-10-08 16:21:22:809 IESession.cpp(191) Entering IESession::ExecuteCommand
T 2018-10-08 16:21:22:809 IECommandExecutor.cpp(122) Entering IECommandExecutor::OnSetCommand
T 2018-10-08 16:21:22:809 command.cc(31) Entering Command::Deserialize
D 2018-10-08 16:21:22:809 command.cc(36) Raw JSON command: { "name" : "executeScript", "locator" : { "sessionid" : "76487bcf-7ae4-4140-896a-91ff6236b8c7" }, "parameters" : {"script":"return navigator.sayswho\u003d (function() { var ua\u003d navigator.userAgent, tem, M\u003d ua.match(/(opera|chrome|safari|firefox|msie|trident)\\/?\\s*(\\.?\\d+(\\.\\d+)*)/i) || []; if (/trident/i.test(M[1])) {     tem\u003d  /\\brv[ :]+(\\d+)/g.exec(ua) || [];     return \u0027IE \u0027+(tem[1] || \u0027\u0027); } if(M[1]\u003d\u003d\u003d \u0027Chrome\u0027) {     tem\u003d ua.match(/\\b(OPR|Edge)\\/(\\d+)/);     if(tem!\u003d null) return tem.slice(1).join(\u0027 \u0027).replace(\u0027OPR\u0027, \u0027Opera\u0027); } M\u003d M[2]? [M[1], M[2]]: [navigator.appName, navigator.appVersion, \u0027-?\u0027]; if((tem\u003d ua.match(/version\\/(\\d+)/i))!\u003d null) M.splice(1, 1, tem[1]); return M.join(\u0027 \u0027).replace(\u0027MSIE\u0027, \u0027IE\u0027);})();","args":[]} }
T 2018-10-08 16:21:22:810 IECommandExecutor.cpp(133) Entering IECommandExecutor::OnExecCommand
T 2018-10-08 16:21:22:810 IECommandExecutor.cpp(454) Entering IECommandExecutor::DispatchCommand
T 2018-10-08 16:21:22:810 IESession.cpp(212) Beginning wait for response length to be not zero
T 2018-10-08 16:21:22:810 IECommandExecutor.cpp(577) Entering IECommandExecutor::GetCurrentBrowser
T 2018-10-08 16:21:22:810 IECommandExecutor.cpp(583) Entering IECommandExecutor::GetManagedBrowser
T 2018-10-08 16:21:22:810 IECommandExecutor.cpp(529) Entering IECommandExecutor::IsAlertActive
T 2018-10-08 16:21:22:810 Browser.cpp(700) Entering Browser::GetActiveDialogWindowHandle
T 2018-10-08 16:21:22:810 Browser.cpp(206) Entering Browser::GetContentWindowHandle
I 2018-10-08 16:21:22:810 Browser.cpp(214) Flushing window handle as it is no longer valid
I 2018-10-08 16:21:22:810 Browser.cpp(219) Restore window handle from tab
T 2018-10-08 16:21:22:810 Browser.cpp(659) Entering Browser::GetBrowserWindowHandle
W 2018-10-08 16:21:22:810 Browser.cpp(678) -2147417848 [The object invoked has disconnected from its clients.]: Unable to get service, call to IWebBrowser2::QueryInterface for IID_IServiceProvider failed
T 2018-10-08 16:21:22:810 DocumentHost.cpp(265) Entering DocumentHost::FindContentWindowHandle
D 2018-10-08 16:21:22:811 IECommandExecutor.cpp(543) No alert handle is found
T 2018-10-08 16:21:22:811 IECommandExecutor.cpp(577) Entering IECommandExecutor::GetCurrentBrowser
T 2018-10-08 16:21:22:811 IECommandExecutor.cpp(583) Entering IECommandExecutor::GetManagedBrowser
T 2018-10-08 16:21:22:811 Browser.cpp(126) Entering Browser::GetDocument
I 2018-10-08 16:21:22:811 Browser.cpp(130) No child frame focus. Focus is on top-level frame
W 2018-10-08 16:21:22:811 Browser.cpp(135) -2147417848 [The object invoked has disconnected from its clients.]: Unable to get document, IWebBrowser2::get_Document call failed
T 2018-10-08 16:21:22:811 Script.cpp(49) Entering Script::Initialize
T 2018-10-08 16:21:22:811 CommandHandlers\ExecuteScriptCommandHandler.cpp(85) Entering ExecuteScriptCommandHandler::PopulateArgumentArray
T 2018-10-08 16:21:22:811 Script.cpp(169) Entering Script::Execute
W 2018-10-08 16:21:22:811 Script.cpp(175) Script engine host is NULL
T 2018-10-08 16:21:22:811 response.cc(91) Entering Response::SetErrorResponse
W 2018-10-08 16:21:22:811 response.cc(92) Error response has status code 16 and message 'JavaScript error' message
T 2018-10-08 16:21:22:811 response.cc(85) Entering Response::SetErrorResponse
T 2018-10-08 16:21:22:811 response.cc(78) Entering Response::SetResponse
T 2018-10-08 16:21:22:811 IECommandExecutor.cpp(577) Entering IECommandExecutor::GetCurrentBrowser
T 2018-10-08 16:21:22:811 IECommandExecutor.cpp(583) Entering IECommandExecutor::GetManagedBrowser
T 2018-10-08 16:21:22:811 response.cc(51) Entering Response::Serialize
T 2018-10-08 16:21:22:821 IESession.cpp(221) Found non-zero response length
T 2018-10-08 16:21:22:821 IECommandExecutor.cpp(156) Entering IECommandExecutor::OnGetResponse
T 2018-10-08 16:21:22:821 IECommandExecutor.cpp(285) Entering IECommandExecutor::OnIsSessionValid
D 2018-10-08 16:21:22:821 server.cc(338) Response: {"value":"JavaScript error"}

T 2018-10-08 16:21:22:821 server.cc(391) Entering Server::SendResponseToClient
T 2018-10-08 16:21:22:821 response.cc(30) Entering Response::Deserialize
T 2018-10-08 16:21:22:821 server.cc(445) Entering Server::SendHttpOk
T 2018-10-08 16:21:22:826 server.cc(174) Entering Server::ProcessRequest
T 2018-10-08 16:21:22:826 server.cc(238) Entering Server::ReadRequestBody
T 2018-10-08 16:21:22:826 server.cc(183) Process request with: URI: /session/76487bcf-7ae4-4140-896a-91ff6236b8c7/url HTTP verb: POST
body: {"url":"https://uat.centerparcs.co.uk"}
T 2018-10-08 16:21:22:826 server.cc(272) Entering Server::DispatchCommand
T 2018-10-08 16:21:22:826 server.cc(583) Entering Server::LookupCommand
D 2018-10-08 16:21:22:826 server.cc(281) Command: POST /session/76487bcf-7ae4-4140-896a-91ff6236b8c7/url {"url":"https://uat.centerparcs.co.uk"}
T 2018-10-08 16:21:22:826 server.cc(378) Entering Server::LookupSession
T 2018-10-08 16:21:22:826 IESession.cpp(191) Entering IESession::ExecuteCommand
T 2018-10-08 16:21:22:826 IECommandExecutor.cpp(122) Entering IECommandExecutor::OnSetCommand
T 2018-10-08 16:21:22:826 command.cc(31) Entering Command::Deserialize
D 2018-10-08 16:21:22:826 command.cc(36) Raw JSON command: { "name" : "get", "locator" : { "sessionid" : "76487bcf-7ae4-4140-896a-91ff6236b8c7" }, "parameters" : {"url":"https://uat.centerparcs.co.uk"} }
T 2018-10-08 16:21:22:827 IECommandExecutor.cpp(133) Entering IECommandExecutor::OnExecCommand
T 2018-10-08 16:21:22:827 IESession.cpp(212) Beginning wait for response length to be not zero
T 2018-10-08 16:21:22:827 IECommandExecutor.cpp(454) Entering IECommandExecutor::DispatchCommand
T 2018-10-08 16:21:22:827 IECommandExecutor.cpp(577) Entering IECommandExecutor::GetCurrentBrowser
T 2018-10-08 16:21:22:827 IECommandExecutor.cpp(583) Entering IECommandExecutor::GetManagedBrowser
T 2018-10-08 16:21:22:827 IECommandExecutor.cpp(529) Entering IECommandExecutor::IsAlertActive
T 2018-10-08 16:21:22:827 Browser.cpp(700) Entering Browser::GetActiveDialogWindowHandle
T 2018-10-08 16:21:22:827 Browser.cpp(206) Entering Browser::GetContentWindowHandle
I 2018-10-08 16:21:22:827 Browser.cpp(214) Flushing window handle as it is no longer valid
I 2018-10-08 16:21:22:827 Browser.cpp(219) Restore window handle from tab
T 2018-10-08 16:21:22:827 Browser.cpp(659) Entering Browser::GetBrowserWindowHandle
W 2018-10-08 16:21:22:827 Browser.cpp(678) -2147417848 [The object invoked has disconnected from its clients.]: Unable to get service, call to IWebBrowser2::QueryInterface for IID_IServiceProvider failed
T 2018-10-08 16:21:22:827 DocumentHost.cpp(265) Entering DocumentHost::FindContentWindowHandle
D 2018-10-08 16:21:22:827 IECommandExecutor.cpp(543) No alert handle is found
T 2018-10-08 16:21:22:828 IECommandExecutor.cpp(577) Entering IECommandExecutor::GetCurrentBrowser
T 2018-10-08 16:21:22:828 IECommandExecutor.cpp(583) Entering IECommandExecutor::GetManagedBrowser
T 2018-10-08 16:21:22:828 Browser.cpp(318) Entring Browser::NavigateToUrl
W 2018-10-08 16:21:22:828 Browser.cpp(331) -2147417848 [The object invoked has disconnected from its clients.]: Call to IWebBrowser2::Navigate2 failed
T 2018-10-08 16:21:22:828 response.cc(85) Entering Response::SetErrorResponse
T 2018-10-08 16:21:22:828 response.cc(78) Entering Response::SetResponse
T 2018-10-08 16:21:22:828 IECommandExecutor.cpp(577) Entering IECommandExecutor::GetCurrentBrowser
T 2018-10-08 16:21:22:828 IECommandExecutor.cpp(583) Entering IECommandExecutor::GetManagedBrowser
T 2018-10-08 16:21:22:828 response.cc(51) Entering Response::Serialize
T 2018-10-08 16:21:22:838 IESession.cpp(221) Found non-zero response length
T 2018-10-08 16:21:22:838 IECommandExecutor.cpp(156) Entering IECommandExecutor::OnGetResponse
T 2018-10-08 16:21:22:838 IECommandExecutor.cpp(285) Entering IECommandExecutor::OnIsSessionValid
D 2018-10-08 16:21:22:838 server.cc(338) Response: {"value":{"data":null,"error":"unknown error","message":"Failed to navigate to https://uat.centerparcs.co.uk. This usually means that a call to the COM method IWebBrowser2::Navigate2() failed.","stacktrace":""}}

T 2018-10-08 16:21:22:838 server.cc(391) Entering Server::SendResponseToClient
T 2018-10-08 16:21:22:838 response.cc(30) Entering Response::Deserialize
T 2018-10-08 16:21:22:838 server.cc(485) Entering Server::SendHttpInternalError
T 2018-10-08 16:21:22:845 server.cc(174) Entering Server::ProcessRequest
T 2018-10-08 16:21:22:845 server.cc(183) Process request with: URI: /session/76487bcf-7ae4-4140-896a-91ff6236b8c7 HTTP verb: DELETE
body: {}
T 2018-10-08 16:21:22:845 server.cc(272) Entering Server::DispatchCommand
T 2018-10-08 16:21:22:845 server.cc(583) Entering Server::LookupCommand
D 2018-10-08 16:21:22:845 server.cc(281) Command: DELETE /session/76487bcf-7ae4-4140-896a-91ff6236b8c7 {}
T 2018-10-08 16:21:22:845 server.cc(378) Entering Server::LookupSession
T 2018-10-08 16:21:22:845 IESession.cpp(191) Entering IESession::ExecuteCommand
T 2018-10-08 16:21:22:845 IECommandExecutor.cpp(122) Entering IECommandExecutor::OnSetCommand
T 2018-10-08 16:21:22:845 command.cc(31) Entering Command::Deserialize
D 2018-10-08 16:21:22:845 command.cc(36) Raw JSON command: { "name" : "quit", "locator" : { "sessionid" : "76487bcf-7ae4-4140-896a-91ff6236b8c7" }, "parameters" : {} }
T 2018-10-08 16:21:22:845 IECommandExecutor.cpp(133) Entering IECommandExecutor::OnExecCommand
T 2018-10-08 16:21:22:845 IECommandExecutor.cpp(454) Entering IECommandExecutor::DispatchCommand
T 2018-10-08 16:21:22:845 IECommandExecutor.cpp(577) Entering IECommandExecutor::GetCurrentBrowser
T 2018-10-08 16:21:22:845 IECommandExecutor.cpp(583) Entering IECommandExecutor::GetManagedBrowser
T 2018-10-08 16:21:22:845 IECommandExecutor.cpp(529) Entering IECommandExecutor::IsAlertActive
T 2018-10-08 16:21:22:845 Browser.cpp(700) Entering Browser::GetActiveDialogWindowHandle
T 2018-10-08 16:21:22:845 Browser.cpp(206) Entering Browser::GetContentWindowHandle
I 2018-10-08 16:21:22:845 Browser.cpp(214) Flushing window handle as it is no longer valid
I 2018-10-08 16:21:22:846 Browser.cpp(219) Restore window handle from tab
T 2018-10-08 16:21:22:846 Browser.cpp(659) Entering Browser::GetBrowserWindowHandle
T 2018-10-08 16:21:22:846 IESession.cpp(212) Beginning wait for response length to be not zero
W 2018-10-08 16:21:22:846 Browser.cpp(678) -2147417848 [The object invoked has disconnected from its clients.]: Unable to get service, call to IWebBrowser2::QueryInterface for IID_IServiceProvider failed
T 2018-10-08 16:21:22:846 DocumentHost.cpp(265) Entering DocumentHost::FindContentWindowHandle
D 2018-10-08 16:21:22:847 IECommandExecutor.cpp(543) No alert handle is found
T 2018-10-08 16:21:22:847 IECommandExecutor.cpp(607) Entering IECommandExecutor::GetManagedBrowserHandles
T 2018-10-08 16:21:22:847 Browser.cpp(425) Entering Browser::IsValidWindow
T 2018-10-08 16:21:22:847 Browser.cpp(700) Entering Browser::GetActiveDialogWindowHandle
T 2018-10-08 16:21:22:847 Browser.cpp(206) Entering Browser::GetContentWindowHandle
I 2018-10-08 16:21:22:847 Browser.cpp(214) Flushing window handle as it is no longer valid
I 2018-10-08 16:21:22:847 Browser.cpp(219) Restore window handle from tab
T 2018-10-08 16:21:22:847 Browser.cpp(659) Entering Browser::GetBrowserWindowHandle
W 2018-10-08 16:21:22:847 Browser.cpp(678) -2147417848 [The object invoked has disconnected from its clients.]: Unable to get service, call to IWebBrowser2::QueryInterface for IID_IServiceProvider failed
T 2018-10-08 16:21:22:847 DocumentHost.cpp(265) Entering DocumentHost::FindContentWindowHandle
T 2018-10-08 16:21:22:847 IECommandExecutor.cpp(583) Entering IECommandExecutor::GetManagedBrowser
T 2018-10-08 16:21:22:847 Browser.cpp(307) Entering Browser::Close
T 2018-10-08 16:21:22:847 DocumentHost.cpp(142) Entering DocumentHost::SetFocusedFrameByElement
W 2018-10-08 16:21:22:848 Browser.cpp(313) -2147417848 [The object invoked has disconnected from its clients.]: Call to IWebBrowser2::Quit failed
T 2018-10-08 16:21:22:848 response.cc(72) Entering Response::SetSuccessResponse
T 2018-10-08 16:21:22:848 response.cc(78) Entering Response::SetResponse
T 2018-10-08 16:21:22:848 IECommandExecutor.cpp(577) Entering IECommandExecutor::GetCurrentBrowser
T 2018-10-08 16:21:22:848 IECommandExecutor.cpp(583) Entering IECommandExecutor::GetManagedBrowser
T 2018-10-08 16:21:22:848 IECommandExecutor.cpp(586) Current command executor is not valid
T 2018-10-08 16:21:22:848 response.cc(51) Entering Response::Serialize
T 2018-10-08 16:21:22:857 IESession.cpp(221) Found non-zero response length
T 2018-10-08 16:21:22:857 IECommandExecutor.cpp(156) Entering IECommandExecutor::OnGetResponse
T 2018-10-08 16:21:22:857 IECommandExecutor.cpp(285) Entering IECommandExecutor::OnIsSessionValid
T 2018-10-08 16:21:22:857 server.cc(225) Entering Server::ShutDownSession
T 2018-10-08 16:21:22:857 IESession.cpp(119) Entering IESession::ShutDown
T 2018-10-08 16:21:22:858 IESession.cpp(173) Entering IESession::WaitForCommandExecutorExit
D 2018-10-08 16:21:27:804 IESession.cpp(140) Not all browsers have been deallocated!
T 2018-10-08 16:21:27:804 IESession.cpp(173) Entering IESession::WaitForCommandExecutorExit
T 2018-10-08 16:21:27:804 IECommandExecutor.cpp(364) Entering IECommandExecutor::OnHandleUnexpectedAlerts
T 2018-10-08 16:21:27:804 Browser.cpp(700) Entering Browser::GetActiveDialogWindowHandle
T 2018-10-08 16:21:27:804 Browser.cpp(206) Entering Browser::GetContentWindowHandle
I 2018-10-08 16:21:27:804 Browser.cpp(214) Flushing window handle as it is no longer valid
I 2018-10-08 16:21:27:804 Browser.cpp(219) Restore window handle from tab
T 2018-10-08 16:21:27:804 Browser.cpp(659) Entering Browser::GetBrowserWindowHandle
W 2018-10-08 16:21:27:805 Browser.cpp(678) -2147023174 [The RPC server is unavailable.]: Unable to get service, call to IWebBrowser2::QueryInterface for IID_IServiceProvider failed
T 2018-10-08 16:21:27:805 DocumentHost.cpp(265) Entering DocumentHost::FindContentWindowHandle
D 2018-10-08 16:21:32:752 IESession.cpp(140) Not all browsers have been deallocated!
T 2018-10-08 16:21:32:752 IESession.cpp(173) Entering IESession::WaitForCommandExecutorExit
T 2018-10-08 16:21:32:752 IECommandExecutor.cpp(364) Entering IECommandExecutor::OnHandleUnexpectedAlerts
T 2018-10-08 16:21:32:753 Browser.cpp(700) Entering Browser::GetActiveDialogWindowHandle
T 2018-10-08 16:21:32:753 Browser.cpp(206) Entering Browser::GetContentWindowHandle
I 2018-10-08 16:21:32:753 Browser.cpp(214) Flushing window handle as it is no longer valid
I 2018-10-08 16:21:32:753 Browser.cpp(219) Restore window handle from tab
T 2018-10-08 16:21:32:753 Browser.cpp(659) Entering Browser::GetBrowserWindowHandle
W 2018-10-08 16:21:32:754 Browser.cpp(678) -2147023174 [The RPC server is unavailable.]: Unable to get service, call to IWebBrowser2::QueryInterface for IID_IServiceProvider failed
T 2018-10-08 16:21:32:754 DocumentHost.cpp(265) Entering DocumentHost::FindContentWindowHandle
D 2018-10-08 16:21:37:704 IESession.cpp(140) Not all browsers have been deallocated!
T 2018-10-08 16:21:37:704 IESession.cpp(173) Entering IESession::WaitForCommandExecutorExit
T 2018-10-08 16:21:37:704 IECommandExecutor.cpp(364) Entering IECommandExecutor::OnHandleUnexpectedAlerts
T 2018-10-08 16:21:37:705 Browser.cpp(700) Entering Browser::GetActiveDialogWindowHandle
T 2018-10-08 16:21:37:705 Browser.cpp(206) Entering Browser::GetContentWindowHandle
I 2018-10-08 16:21:37:705 Browser.cpp(214) Flushing window handle as it is no longer valid
I 2018-10-08 16:21:37:705 Browser.cpp(219) Restore window handle from tab
T 2018-10-08 16:21:37:705 Browser.cpp(659) Entering Browser::GetBrowserWindowHandle
W 2018-10-08 16:21:37:706 Browser.cpp(678) -2147023174 [The RPC server is unavailable.]: Unable to get service, call to IWebBrowser2::QueryInterface for IID_IServiceProvider failed
T 2018-10-08 16:21:37:706 DocumentHost.cpp(265) Entering DocumentHost::FindContentWindowHandle
D 2018-10-08 16:21:42:651 IESession.cpp(140) Not all browsers have been deallocated!
T 2018-10-08 16:21:42:651 IESession.cpp(173) Entering IESession::WaitForCommandExecutorExit
T 2018-10-08 16:21:42:651 IECommandExecutor.cpp(364) Entering IECommandExecutor::OnHandleUnexpectedAlerts
T 2018-10-08 16:21:42:651 Browser.cpp(700) Entering Browser::GetActiveDialogWindowHandle
T 2018-10-08 16:21:42:651 Browser.cpp(206) Entering Browser::GetContentWindowHandle
I 2018-10-08 16:21:42:651 Browser.cpp(214) Flushing window handle as it is no longer valid
I 2018-10-08 16:21:42:651 Browser.cpp(219) Restore window handle from tab
T 2018-10-08 16:21:42:651 Browser.cpp(659) Entering Browser::GetBrowserWindowHandle
W 2018-10-08 16:21:42:651 Browser.cpp(678) -2147023174 [The RPC server is unavailable.]: Unable to get service, call to IWebBrowser2::QueryInterface for IID_IServiceProvider failed
T 2018-10-08 16:21:42:651 DocumentHost.cpp(265) Entering DocumentHost::FindContentWindowHandle
D 2018-10-08 16:21:47:600 IESession.cpp(140) Not all browsers have been deallocated!
T 2018-10-08 16:21:47:600 IESession.cpp(173) Entering IESession::WaitForCommandExecutorExit
T 2018-10-08 16:21:47:600 IECommandExecutor.cpp(364) Entering IECommandExecutor::OnHandleUnexpectedAlerts
T 2018-10-08 16:21:47:600 Browser.cpp(700) Entering Browser::GetActiveDialogWindowHandle
T 2018-10-08 16:21:47:600 Browser.cpp(206) Entering Browser::GetContentWindowHandle
I 2018-10-08 16:21:47:600 Browser.cpp(214) Flushing window handle as it is no longer valid
I 2018-10-08 16:21:47:600 Browser.cpp(219) Restore window handle from tab
T 2018-10-08 16:21:47:600 Browser.cpp(659) Entering Browser::GetBrowserWindowHandle
W 2018-10-08 16:21:47:601 Browser.cpp(678) -2147023174 [The RPC server is unavailable.]: Unable to get service, call to IWebBrowser2::QueryInterface for IID_IServiceProvider failed
T 2018-10-08 16:21:47:601 DocumentHost.cpp(265) Entering DocumentHost::FindContentWindowHandle
D 2018-10-08 16:21:52:551 IESession.cpp(140) Not all browsers have been deallocated!
T 2018-10-08 16:21:52:551 IESession.cpp(173) Entering IESession::WaitForCommandExecutorExit
T 2018-10-08 16:21:52:551 IECommandExecutor.cpp(364) Entering IECommandExecutor::OnHandleUnexpectedAlerts
T 2018-10-08 16:21:52:552 Browser.cpp(700) Entering Browser::GetActiveDialogWindowHandle
T 2018-10-08 16:21:52:552 Browser.cpp(206) Entering Browser::GetContentWindowHandle
I 2018-10-08 16:21:52:552 Browser.cpp(214) Flushing window handle as it is no longer valid
I 2018-10-08 16:21:52:552 Browser.cpp(219) Restore window handle from tab
T 2018-10-08 16:21:52:552 Browser.cpp(659) Entering Browser::GetBrowserWindowHandle
W 2018-10-08 16:21:52:552 Browser.cpp(678) -2147023174 [The RPC server is unavailable.]: Unable to get service, call to IWebBrowser2::QueryInterface for IID_IServiceProvider failed
T 2018-10-08 16:21:52:553 DocumentHost.cpp(265) Entering DocumentHost::FindContentWindowHandle
E 2018-10-08 16:21:57:497 IESession.cpp(152) Still running browsers after handling alerts! This is likely to lead to a crash.
D 2018-10-08 16:21:57:497 IESession.cpp(158) Posting thread shutdown message
D 2018-10-08 16:21:57:497 IESession.cpp(161) Starting wait for thread completion
D 2018-10-08 16:21:57:497 IESession.cpp(164) Waiting for thread to end returned 4294967295
D 2018-10-08 16:21:57:497 server.cc(338) Response: {"value":null}

T 2018-10-08 16:21:57:497 server.cc(391) Entering Server::SendResponseToClient
T 2018-10-08 16:21:57:497 response.cc(30) Entering Response::Deserialize
D 2018-10-08 16:21:57:497 IECommandExecutor.cpp(436) Shutdown message received
T 2018-10-08 16:21:57:497 server.cc(445) Entering Server::SendHttpOk
D 2018-10-08 16:21:57:497 IECommandExecutor.cpp(97) Entering IECommandExecutor::OnDestroy
D 2018-10-08 16:21:57:497 IECommandExecutor.cpp(99) Clearing managed element cache
D 2018-10-08 16:21:57:497 IECommandExecutor.cpp(102) Closing command handler repository
D 2018-10-08 16:21:57:497 IECommandExecutor.cpp(104) Closing element finder
D 2018-10-08 16:21:57:497 IECommandExecutor.cpp(106) Closing input manager
D 2018-10-08 16:21:57:497 IECommandExecutor.cpp(108) Closing proxy manager
T 2018-10-08 16:21:57:497 ProxyManager.cpp(185) ProxyManager::RestoreProxySettings
D 2018-10-08 16:21:57:497 IECommandExecutor.cpp(110) Closing browser factory
D 2018-10-08 16:21:57:497 IECommandExecutor.cpp(112) Posting quit message
D 2018-10-08 16:21:57:497 IECommandExecutor.cpp(114) Leaving IECommandExecutor::OnDestroy
D 2018-10-08 16:21:57:498 IECommandExecutor.cpp(438) Returned from DestroyWindow()
D 2018-10-08 16:21:57:498 IECommandExecutor.cpp(447) Exited IECommandExecutor thread message loop
T 2018-10-08 16:21:57:500 Browser.cpp(300) Entering Browser::DetachEvents
